This is pdfTeX, Version 3.1415926-2.5-1.40.14 (TeX Live 2013) (format=pdflatex 2017.4.26)  23 MAY 2017 16:27
entering extended mode
 restricted \write18 enabled.
 %&-line parsing enabled.
**quadReport.tex
(./quadReport.tex
LaTeX2e <2011/06/27>
Babel <v3.8m> and hyphenation patterns for english, dumylang, nohyphenation, du
tch, loaded.
(/usr/share/texlive/texmf-dist/tex/latex/base/article.cls
Document Class: article 2007/10/19 v1.4h Standard LaTeX document class
(/usr/share/texlive/texmf-dist/tex/latex/base/size10.clo
File: size10.clo 2007/10/19 v1.4h Standard LaTeX file (size option)
)
\c@part=\count79
\c@section=\count80
\c@subsection=\count81
\c@subsubsection=\count82
\c@paragraph=\count83
\c@subparagraph=\count84
\c@figure=\count85
\c@table=\count86
\abovecaptionskip=\skip41
\belowcaptionskip=\skip42
\bibindent=\dimen102
)
(/usr/share/texlive/texmf-dist/tex/latex/float/float.sty
Package: float 2001/11/08 v1.3d Float enhancements (AL)
\c@float@type=\count87
\float@exts=\toks14
\float@box=\box26
\@float@everytoks=\toks15
\@floatcapt=\box27
)
(/usr/share/texlive/texmf-dist/tex/latex/graphics/graphicx.sty
Package: graphicx 1999/02/16 v1.0f Enhanced LaTeX Graphics (DPC,SPQR)

(/usr/share/texlive/texmf-dist/tex/latex/graphics/keyval.sty
Package: keyval 1999/03/16 v1.13 key=value parser (DPC)
\KV@toks@=\toks16
)
(/usr/share/texlive/texmf-dist/tex/latex/graphics/graphics.sty
Package: graphics 2009/02/05 v1.0o Standard LaTeX Graphics (DPC,SPQR)

(/usr/share/texlive/texmf-dist/tex/latex/graphics/trig.sty
Package: trig 1999/03/16 v1.09 sin cos tan (DPC)
)
(/usr/share/texlive/texmf-dist/tex/latex/latexconfig/graphics.cfg
File: graphics.cfg 2010/04/23 v1.9 graphics configuration of TeX Live
)
Package graphics Info: Driver file: pdftex.def on input line 91.

(/usr/share/texlive/texmf-dist/tex/latex/pdftex-def/pdftex.def
File: pdftex.def 2011/05/27 v0.06d Graphics/color for pdfTeX

(/usr/share/texlive/texmf-dist/tex/generic/oberdiek/infwarerr.sty
Package: infwarerr 2010/04/08 v1.3 Providing info/warning/error messages (HO)
)
(/usr/share/texlive/texmf-dist/tex/generic/oberdiek/ltxcmds.sty
Package: ltxcmds 2011/11/09 v1.22 LaTeX kernel commands for general use (HO)
)
\Gread@gobject=\count88
))
\Gin@req@height=\dimen103
\Gin@req@width=\dimen104
)
(/usr/share/texlive/texmf-dist/tex/latex/amsmath/amsmath.sty
Package: amsmath 2013/01/14 v2.14 AMS math features
\@mathmargin=\skip43

For additional information on amsmath, use the `?' option.
(/usr/share/texlive/texmf-dist/tex/latex/amsmath/amstext.sty
Package: amstext 2000/06/29 v2.01

(/usr/share/texlive/texmf-dist/tex/latex/amsmath/amsgen.sty
File: amsgen.sty 1999/11/30 v2.0
\@emptytoks=\toks17
\ex@=\dimen105
))
(/usr/share/texlive/texmf-dist/tex/latex/amsmath/amsbsy.sty
Package: amsbsy 1999/11/29 v1.2d
\pmbraise@=\dimen106
)
(/usr/share/texlive/texmf-dist/tex/latex/amsmath/amsopn.sty
Package: amsopn 1999/12/14 v2.01 operator names
)
\inf@bad=\count89
LaTeX Info: Redefining \frac on input line 210.
\uproot@=\count90
\leftroot@=\count91
LaTeX Info: Redefining \overline on input line 306.
\classnum@=\count92
\DOTSCASE@=\count93
LaTeX Info: Redefining \ldots on input line 378.
LaTeX Info: Redefining \dots on input line 381.
LaTeX Info: Redefining \cdots on input line 466.
\Mathstrutbox@=\box28
\strutbox@=\box29
\big@size=\dimen107
LaTeX Font Info:    Redeclaring font encoding OML on input line 566.
LaTeX Font Info:    Redeclaring font encoding OMS on input line 567.
\macc@depth=\count94
\c@MaxMatrixCols=\count95
\dotsspace@=\muskip10
\c@parentequation=\count96
\dspbrk@lvl=\count97
\tag@help=\toks18
\row@=\count98
\column@=\count99
\maxfields@=\count100
\andhelp@=\toks19
\eqnshift@=\dimen108
\alignsep@=\dimen109
\tagshift@=\dimen110
\tagwidth@=\dimen111
\totwidth@=\dimen112
\lineht@=\dimen113
\@envbody=\toks20
\multlinegap=\skip44
\multlinetaggap=\skip45
\mathdisplay@stack=\toks21
LaTeX Info: Redefining \[ on input line 2665.
LaTeX Info: Redefining \] on input line 2666.
) (./quadReport.aux)
\openout1 = `quadReport.aux'.

LaTeX Font Info:    Checking defaults for OML/cmm/m/it on input line 5.
LaTeX Font Info:    ... okay on input line 5.
LaTeX Font Info:    Checking defaults for T1/cmr/m/n on input line 5.
LaTeX Font Info:    ... okay on input line 5.
LaTeX Font Info:    Checking defaults for OT1/cmr/m/n on input line 5.
LaTeX Font Info:    ... okay on input line 5.
LaTeX Font Info:    Checking defaults for OMS/cmsy/m/n on input line 5.
LaTeX Font Info:    ... okay on input line 5.
LaTeX Font Info:    Checking defaults for OMX/cmex/m/n on input line 5.
LaTeX Font Info:    ... okay on input line 5.
LaTeX Font Info:    Checking defaults for U/cmr/m/n on input line 5.
LaTeX Font Info:    ... okay on input line 5.
 (/usr/share/texlive/texmf-dist/tex/context/base/supp-pdf.mkii
[Loading MPS to PDF converter (version 2006.09.02).]
\scratchcounter=\count101
\scratchdimen=\dimen114
\scratchbox=\box30
\nofMPsegments=\count102
\nofMParguments=\count103
\everyMPshowfont=\toks22
\MPscratchCnt=\count104
\MPscratchDim=\dimen115
\MPnumerator=\count105
\makeMPintoPDFobject=\count106
\everyMPtoPDFconversion=\toks23
) (/usr/share/texlive/texmf-dist/tex/generic/oberdiek/pdftexcmds.sty
Package: pdftexcmds 2011/11/29 v0.20 Utility functions of pdfTeX for LuaTeX (HO
)

(/usr/share/texlive/texmf-dist/tex/generic/oberdiek/ifluatex.sty
Package: ifluatex 2010/03/01 v1.3 Provides the ifluatex switch (HO)
Package ifluatex Info: LuaTeX not detected.
)
(/usr/share/texlive/texmf-dist/tex/generic/oberdiek/ifpdf.sty
Package: ifpdf 2011/01/30 v2.3 Provides the ifpdf switch (HO)
Package ifpdf Info: pdfTeX in PDF mode is detected.
)
Package pdftexcmds Info: LuaTeX not detected.
Package pdftexcmds Info: \pdf@primitive is available.
Package pdftexcmds Info: \pdf@ifprimitive is available.
Package pdftexcmds Info: \pdfdraftmode found.
)
(/usr/share/texlive/texmf-dist/tex/latex/oberdiek/epstopdf-base.sty
Package: epstopdf-base 2010/02/09 v2.5 Base part for package epstopdf

(/usr/share/texlive/texmf-dist/tex/latex/oberdiek/grfext.sty
Package: grfext 2010/08/19 v1.1 Manage graphics extensions (HO)

(/usr/share/texlive/texmf-dist/tex/generic/oberdiek/kvdefinekeys.sty
Package: kvdefinekeys 2011/04/07 v1.3 Define keys (HO)
))
(/usr/share/texlive/texmf-dist/tex/latex/oberdiek/kvoptions.sty
Package: kvoptions 2011/06/30 v3.11 Key value format for package options (HO)

(/usr/share/texlive/texmf-dist/tex/generic/oberdiek/kvsetkeys.sty
Package: kvsetkeys 2012/04/25 v1.16 Key value parser (HO)

(/usr/share/texlive/texmf-dist/tex/generic/oberdiek/etexcmds.sty
Package: etexcmds 2011/02/16 v1.5 Avoid name clashes with e-TeX commands (HO)
Package etexcmds Info: Could not find \expanded.
(etexcmds)             That can mean that you are not using pdfTeX 1.50 or
(etexcmds)             that some package has redefined \expanded.
(etexcmds)             In the latter case, load this package earlier.
)))
Package grfext Info: Graphics extension search list:
(grfext)             [.png,.pdf,.jpg,.mps,.jpeg,.jbig2,.jb2,.PNG,.PDF,.JPG,.JPE
G,.JBIG2,.JB2,.eps]
(grfext)             \AppendGraphicsExtensions on input line 452.

(/usr/share/texlive/texmf-dist/tex/latex/latexconfig/epstopdf-sys.cfg
File: epstopdf-sys.cfg 2010/07/13 v1.3 Configuration of (r)epstopdf for TeX Liv
e
))
Underfull \hbox (badness 10000) in paragraph at lines 7--10

 []

[1

{/usr/share/texlive/texmf-var/fonts/map/pdftex/updmap/pdftex.map}]
<lsimresult.jpg, id=15, 647.41875pt x 547.04375pt>
File: lsimresult.jpg Graphic file (type jpg)
 <use lsimresult.jpg>
Package pdftex.def Info: lsimresult.jpg used on input line 82.
(pdftex.def)             Requested size: 172.5pt x 145.75053pt.

<quadcoptersimresult.jpg, id=16, 639.38875pt x 384.43625pt>
File: quadcoptersimresult.jpg Graphic file (type jpg)

<use quadcoptersimresult.jpg>
Package pdftex.def Info: quadcoptersimresult.jpg used on input line 85.
(pdftex.def)             Requested size: 172.5pt x 103.71704pt.
 [2]
Underfull \hbox (badness 10000) in paragraph at lines 91--92

 []


Overfull \hbox (36.31657pt too wide) in paragraph at lines 107--107
[] 
 []


Overfull \hbox (63.7139pt too wide) in paragraph at lines 139--139
[] 
 []

[3 <./lsimresult.jpg> <./quadcoptersimresult.jpg>]
Overfull \hbox (6.71103pt too wide) in paragraph at lines 185--185
[] 
 []

[4] <lqrscheme.png, id=26, 788.9475pt x 332.24126pt>
File: lqrscheme.png Graphic file (type png)
 <use lqrscheme.png>
Package pdftex.def Info: lqrscheme.png used on input line 195.
(pdftex.def)             Requested size: 310.4979pt x 130.75478pt.

<trajectory1.jpg, id=28, 570.13pt x 411.5375pt>
File: trajectory1.jpg Graphic file (type jpg)
 <use trajectory1.jpg>
Package pdftex.def Info: trajectory1.jpg used on input line 202.
(pdftex.def)             Requested size: 172.5pt x 124.51088pt.

<xyz1.jpg, id=29, 570.13pt x 411.5375pt>
File: xyz1.jpg Graphic file (type jpg)
 <use xyz1.jpg>
Package pdftex.def Info: xyz1.jpg used on input line 205.
(pdftex.def)             Requested size: 172.5pt x 124.51088pt.
 [5 <./lqrscheme.png>]
<trajectory2.jpg, id=34, 570.13pt x 411.5375pt>
File: trajectory2.jpg Graphic file (type jpg)
 <use trajectory2.jpg>
Package pdftex.def Info: trajectory2.jpg used on input line 214.
(pdftex.def)             Requested size: 172.5pt x 124.51088pt.

<xyz2.jpg, id=35, 570.13pt x 411.5375pt>
File: xyz2.jpg Graphic file (type jpg)
 <use xyz2.jpg>
Package pdftex.def Info: xyz2.jpg used on input line 217.
(pdftex.def)             Requested size: 172.5pt x 124.51088pt.

<trajectory3.jpg, id=36, 570.13pt x 411.5375pt>
File: trajectory3.jpg Graphic file (type jpg)
 <use trajectory3.jpg>
Package pdftex.def Info: trajectory3.jpg used on input line 226.
(pdftex.def)             Requested size: 172.5pt x 124.51088pt.

<xyz3.jpg, id=37, 570.13pt x 411.5375pt>
File: xyz3.jpg Graphic file (type jpg)
 <use xyz3.jpg>
Package pdftex.def Info: xyz3.jpg used on input line 229.
(pdftex.def)             Requested size: 172.5pt x 124.51088pt.
 [6 <./trajectory1.jpg> <./xyz1.jpg> <./trajectory2.jpg> <./xyz2.jpg>]
<lqischeme.png, id=41, 820.06375pt x 271.0125pt>
File: lqischeme.png Graphic file (type png)
 <use lqischeme.png>
Package pdftex.def Info: lqischeme.png used on input line 239.
(pdftex.def)             Requested size: 310.4979pt x 102.61363pt.

<trajectoryi1.jpg, id=42, 570.13pt x 411.5375pt>
File: trajectoryi1.jpg Graphic file (type jpg)
 <use trajectoryi1.jpg>
Package pdftex.def Info: trajectoryi1.jpg used on input line 247.
(pdftex.def)             Requested size: 172.5pt x 124.51088pt.

<xyzi1.jpg, id=43, 570.13pt x 411.5375pt>
File: xyzi1.jpg Graphic file (type jpg)
 <use xyzi1.jpg>
Package pdftex.def Info: xyzi1.jpg used on input line 250.
(pdftex.def)             Requested size: 172.5pt x 124.51088pt.
 [7 <./trajectory3.jpg> <./xyz3.jpg> <./lqischeme.png>]
<trajectoryi2.jpg, id=49, 570.13pt x 411.5375pt>
File: trajectoryi2.jpg Graphic file (type jpg)
 <use trajectoryi2.jpg>
Package pdftex.def Info: trajectoryi2.jpg used on input line 259.
(pdftex.def)             Requested size: 172.5pt x 124.51088pt.

<xyzi2.jpg, id=50, 570.13pt x 411.5375pt>
File: xyzi2.jpg Graphic file (type jpg)
 <use xyzi2.jpg>
Package pdftex.def Info: xyzi2.jpg used on input line 262.
(pdftex.def)             Requested size: 172.5pt x 124.51088pt.

<trajectoryi3.jpg, id=51, 570.13pt x 411.5375pt>
File: trajectoryi3.jpg Graphic file (type jpg)
 <use trajectoryi3.jpg>
Package pdftex.def Info: trajectoryi3.jpg used on input line 271.
(pdftex.def)             Requested size: 172.5pt x 124.51088pt.

<xyzi3.jpg, id=52, 570.13pt x 411.5375pt>
File: xyzi3.jpg Graphic file (type jpg)
 <use xyzi3.jpg>
Package pdftex.def Info: xyzi3.jpg used on input line 274.
(pdftex.def)             Requested size: 172.5pt x 124.51088pt.
 [8 <./trajectoryi1.jpg> <./xyzi1.jpg> <./trajectoryi2.jpg> <./xyzi2.jpg>]
<trajectorypayload.jpg, id=56, 554.07pt x 431.6125pt>
File: trajectorypayload.jpg Graphic file (type jpg)

<use trajectorypayload.jpg>
Package pdftex.def Info: trajectorypayload.jpg used on input line 284.
(pdftex.def)             Requested size: 172.5pt x 134.37146pt.

<trajectorypayloadi.jpg, id=57, 570.13pt x 411.5375pt>
File: trajectorypayloadi.jpg Graphic file (type jpg)

<use trajectorypayloadi.jpg>
Package pdftex.def Info: trajectorypayloadi.jpg used on input line 287.
(pdftex.def)             Requested size: 172.5pt x 124.51088pt.
 [9 <./trajectoryi3.jpg> <./xyzi3.jpg> <./trajectorypayload.jpg> <./trajectoryp
ayloadi.jpg>]
<kalscheme.png, id=61, 851.18pt x 349.305pt>
File: kalscheme.png Graphic file (type png)
 <use kalscheme.png>
Package pdftex.def Info: kalscheme.png used on input line 299.
(pdftex.def)             Requested size: 310.4979pt x 127.42331pt.

Underfull \hbox (badness 10000) in paragraph at lines 303--306

 []

<kaltraj1.jpg, id=62, 554.07pt x 431.6125pt>
File: kaltraj1.jpg Graphic file (type jpg)
 <use kaltraj1.jpg>
Package pdftex.def Info: kaltraj1.jpg used on input line 309.
(pdftex.def)             Requested size: 172.5pt x 134.37146pt.

<kalstate1.jpg, id=63, 562.1pt x 421.575pt>
File: kalstate1.jpg Graphic file (type jpg)
 <use kalstate1.jpg>
Package pdftex.def Info: kalstate1.jpg used on input line 312.
(pdftex.def)             Requested size: 172.5pt x 129.37462pt.
 [10 <./kalscheme.png>] <kaltraj2.jpg, id=68, 570.13pt x 411.5375pt>
File: kaltraj2.jpg Graphic file (type jpg)
 <use kaltraj2.jpg>
Package pdftex.def Info: kaltraj2.jpg used on input line 321.
(pdftex.def)             Requested size: 172.5pt x 124.51088pt.

<kalstate2.jpg, id=69, 570.13pt x 411.5375pt>
File: kalstate2.jpg Graphic file (type jpg)
 <use kalstate2.jpg>
Package pdftex.def Info: kalstate2.jpg used on input line 324.
(pdftex.def)             Requested size: 172.5pt x 124.51088pt.

<kaltraj2pay.jpg, id=70, 554.07pt x 431.6125pt>
File: kaltraj2pay.jpg Graphic file (type jpg)
 <use kaltraj2pay.jpg>
Package pdftex.def Info: kaltraj2pay.jpg used on input line 333.
(pdftex.def)             Requested size: 172.5pt x 134.37146pt.

<kalstate2pay.jpg, id=71, 570.13pt x 411.5375pt>
File: kalstate2pay.jpg Graphic file (type jpg)
 <use kalstate2pay.jpg>
Package pdftex.def Info: kalstate2pay.jpg used on input line 336.
(pdftex.def)             Requested size: 172.5pt x 124.51088pt.

[11 <./kaltraj1.jpg> <./kalstate1.jpg> <./kaltraj2.jpg> <./kalstate2.jpg>]
<lqrinput.jpg, id=75, 570.13pt x 411.5375pt>
File: lqrinput.jpg Graphic file (type jpg)
 <use lqrinput.jpg>
Package pdftex.def Info: lqrinput.jpg used on input line 361.
(pdftex.def)             Requested size: 103.50105pt x 74.70778pt.

<lqiinput.jpg, id=76, 570.13pt x 411.5375pt>
File: lqiinput.jpg Graphic file (type jpg)
 <use lqiinput.jpg>
Package pdftex.def Info: lqiinput.jpg used on input line 364.
(pdftex.def)             Requested size: 103.50105pt x 74.70778pt.

<kalinput.jpg, id=77, 570.13pt x 411.5375pt>
File: kalinput.jpg Graphic file (type jpg)
 <use kalinput.jpg>
Package pdftex.def Info: kalinput.jpg used on input line 367.
(pdftex.def)             Requested size: 103.50105pt x 74.70778pt.
 [12 <./kaltraj2pay.jpg> <./kalstate2pay.jpg>] [13 <./lqrinput.jpg> <./lqiinput
.jpg> <./kalinput.jpg>] (./quadReport.aux) ) 
Here is how much of TeX's memory you used:
 2269 strings out of 495008
 30954 string characters out of 3180933
 103023 words of memory out of 3000000
 5424 multiletter control sequences out of 15000+200000
 5304 words of font info for 20 fonts, out of 3000000 for 9000
 54 hyphenation exceptions out of 8191
 38i,15n,23p,901b,269s stack positions out of 5000i,500n,10000p,200000b,50000s
</usr/share/texlive/texmf-dist/font
s/type1/public/amsfonts/cm/cmbx12.pfb></usr/share/texlive/texmf-dist/fonts/type
1/public/amsfonts/cm/cmex10.pfb></usr/share/texlive/texmf-dist/fonts/type1/publ
ic/amsfonts/cm/cmmi10.pfb></usr/share/texlive/texmf-dist/fonts/type1/public/ams
fonts/cm/cmmi5.pfb></usr/share/texlive/texmf-dist/fonts/type1/public/amsfonts/c
m/cmmi7.pfb></usr/share/texlive/texmf-dist/fonts/type1/public/amsfonts/cm/cmr10
.pfb></usr/share/texlive/texmf-dist/fonts/type1/public/amsfonts/cm/cmr7.pfb></u
sr/share/texlive/texmf-dist/fonts/type1/public/amsfonts/cm/cmsy10.pfb></usr/sha
re/texlive/texmf-dist/fonts/type1/public/amsfonts/cm/cmsy7.pfb>
Output written on quadReport.pdf (13 pages, 909832 bytes).
PDF statistics:
 115 PDF objects out of 1000 (max. 8388607)
 59 compressed objects within 1 object stream
 0 named destinations out of 1000 (max. 500000)
 141 words of extra memory for PDF output out of 10000 (max. 10000000)

