This is pdfTeX, Version 3.1415926-2.5-1.40.14 (TeX Live 2013) (format=pdflatex 2017.4.28)  24 MAY 2017 17:39
entering extended mode
 restricted \write18 enabled.
 %&-line parsing enabled.
**session1.tex
(./session1.tex
LaTeX2e <2011/06/27>
Babel <v3.8m> and hyphenation patterns for english, dumylang, nohyphenation, du
tch, loaded.
(/usr/share/texlive/texmf-dist/tex/latex/base/article.cls
Document Class: article 2007/10/19 v1.4h Standard LaTeX document class
(/usr/share/texlive/texmf-dist/tex/latex/base/size10.clo
File: size10.clo 2007/10/19 v1.4h Standard LaTeX file (size option)
)
\c@part=\count79
\c@section=\count80
\c@subsection=\count81
\c@subsubsection=\count82
\c@paragraph=\count83
\c@subparagraph=\count84
\c@figure=\count85
\c@table=\count86
\abovecaptionskip=\skip41
\belowcaptionskip=\skip42
\bibindent=\dimen102
)
(/usr/share/texlive/texmf-dist/tex/latex/graphics/graphicx.sty
Package: graphicx 1999/02/16 v1.0f Enhanced LaTeX Graphics (DPC,SPQR)

(/usr/share/texlive/texmf-dist/tex/latex/graphics/keyval.sty
Package: keyval 1999/03/16 v1.13 key=value parser (DPC)
\KV@toks@=\toks14
)
(/usr/share/texlive/texmf-dist/tex/latex/graphics/graphics.sty
Package: graphics 2009/02/05 v1.0o Standard LaTeX Graphics (DPC,SPQR)

(/usr/share/texlive/texmf-dist/tex/latex/graphics/trig.sty
Package: trig 1999/03/16 v1.09 sin cos tan (DPC)
)
(/usr/share/texlive/texmf-dist/tex/latex/latexconfig/graphics.cfg
File: graphics.cfg 2010/04/23 v1.9 graphics configuration of TeX Live
)
Package graphics Info: Driver file: pdftex.def on input line 91.

(/usr/share/texlive/texmf-dist/tex/latex/pdftex-def/pdftex.def
File: pdftex.def 2011/05/27 v0.06d Graphics/color for pdfTeX

(/usr/share/texlive/texmf-dist/tex/generic/oberdiek/infwarerr.sty
Package: infwarerr 2010/04/08 v1.3 Providing info/warning/error messages (HO)
)
(/usr/share/texlive/texmf-dist/tex/generic/oberdiek/ltxcmds.sty
Package: ltxcmds 2011/11/09 v1.22 LaTeX kernel commands for general use (HO)
)
\Gread@gobject=\count87
))
\Gin@req@height=\dimen103
\Gin@req@width=\dimen104
)
(/usr/share/texlive/texmf-dist/tex/latex/float/float.sty
Package: float 2001/11/08 v1.3d Float enhancements (AL)
\c@float@type=\count88
\float@exts=\toks15
\float@box=\box26
\@float@everytoks=\toks16
\@floatcapt=\box27
)
(/usr/share/texlive/texmf-dist/tex/latex/caption/caption.sty
Package: caption 2013/02/03 v3.3-65 Customizing captions (AR)

(/usr/share/texlive/texmf-dist/tex/latex/caption/caption3.sty
Package: caption3 2013/02/03 v1.5-62 caption3 kernel (AR)
\captionmargin=\dimen105
\captionmargin@=\dimen106
\captionwidth=\dimen107
\caption@tempdima=\dimen108
\caption@indent=\dimen109
\caption@parindent=\dimen110
\caption@hangindent=\dimen111
)
\c@ContinuedFloat=\count89
Package caption Info: float package is loaded.
)
(/usr/share/texlive/texmf-dist/tex/latex/caption/subcaption.sty
Package: subcaption 2013/02/03 v1.1-62 Sub-captions (AR)
\c@subfigure=\count90
\c@subtable=\count91
)
(/usr/share/texlive/texmf-dist/tex/latex/amsmath/amsmath.sty
Package: amsmath 2013/01/14 v2.14 AMS math features
\@mathmargin=\skip43

For additional information on amsmath, use the `?' option.
(/usr/share/texlive/texmf-dist/tex/latex/amsmath/amstext.sty
Package: amstext 2000/06/29 v2.01

(/usr/share/texlive/texmf-dist/tex/latex/amsmath/amsgen.sty
File: amsgen.sty 1999/11/30 v2.0
\@emptytoks=\toks17
\ex@=\dimen112
))
(/usr/share/texlive/texmf-dist/tex/latex/amsmath/amsbsy.sty
Package: amsbsy 1999/11/29 v1.2d
\pmbraise@=\dimen113
)
(/usr/share/texlive/texmf-dist/tex/latex/amsmath/amsopn.sty
Package: amsopn 1999/12/14 v2.01 operator names
)
\inf@bad=\count92
LaTeX Info: Redefining \frac on input line 210.
\uproot@=\count93
\leftroot@=\count94
LaTeX Info: Redefining \overline on input line 306.
\classnum@=\count95
\DOTSCASE@=\count96
LaTeX Info: Redefining \ldots on input line 378.
LaTeX Info: Redefining \dots on input line 381.
LaTeX Info: Redefining \cdots on input line 466.
\Mathstrutbox@=\box28
\strutbox@=\box29
\big@size=\dimen114
LaTeX Font Info:    Redeclaring font encoding OML on input line 566.
LaTeX Font Info:    Redeclaring font encoding OMS on input line 567.
\macc@depth=\count97
\c@MaxMatrixCols=\count98
\dotsspace@=\muskip10
\c@parentequation=\count99
\dspbrk@lvl=\count100
\tag@help=\toks18
\row@=\count101
\column@=\count102
\maxfields@=\count103
\andhelp@=\toks19
\eqnshift@=\dimen115
\alignsep@=\dimen116
\tagshift@=\dimen117
\tagwidth@=\dimen118
\totwidth@=\dimen119
\lineht@=\dimen120
\@envbody=\toks20
\multlinegap=\skip44
\multlinetaggap=\skip45
\mathdisplay@stack=\toks21
LaTeX Info: Redefining \[ on input line 2665.
LaTeX Info: Redefining \] on input line 2666.
)

LaTeX Warning: Unused global option(s):
    [•].

(./session1.aux)
\openout1 = `session1.aux'.

LaTeX Font Info:    Checking defaults for OML/cmm/m/it on input line 19.
LaTeX Font Info:    ... okay on input line 19.
LaTeX Font Info:    Checking defaults for T1/cmr/m/n on input line 19.
LaTeX Font Info:    ... okay on input line 19.
LaTeX Font Info:    Checking defaults for OT1/cmr/m/n on input line 19.
LaTeX Font Info:    ... okay on input line 19.
LaTeX Font Info:    Checking defaults for OMS/cmsy/m/n on input line 19.
LaTeX Font Info:    ... okay on input line 19.
LaTeX Font Info:    Checking defaults for OMX/cmex/m/n on input line 19.
LaTeX Font Info:    ... okay on input line 19.
LaTeX Font Info:    Checking defaults for U/cmr/m/n on input line 19.
LaTeX Font Info:    ... okay on input line 19.
 (/usr/share/texlive/texmf-dist/tex/context/base/supp-pdf.mkii
[Loading MPS to PDF converter (version 2006.09.02).]
\scratchcounter=\count104
\scratchdimen=\dimen121
\scratchbox=\box30
\nofMPsegments=\count105
\nofMParguments=\count106
\everyMPshowfont=\toks22
\MPscratchCnt=\count107
\MPscratchDim=\dimen122
\MPnumerator=\count108
\makeMPintoPDFobject=\count109
\everyMPtoPDFconversion=\toks23
) (/usr/share/texlive/texmf-dist/tex/generic/oberdiek/pdftexcmds.sty
Package: pdftexcmds 2011/11/29 v0.20 Utility functions of pdfTeX for LuaTeX (HO
)

(/usr/share/texlive/texmf-dist/tex/generic/oberdiek/ifluatex.sty
Package: ifluatex 2010/03/01 v1.3 Provides the ifluatex switch (HO)
Package ifluatex Info: LuaTeX not detected.
)
(/usr/share/texlive/texmf-dist/tex/generic/oberdiek/ifpdf.sty
Package: ifpdf 2011/01/30 v2.3 Provides the ifpdf switch (HO)
Package ifpdf Info: pdfTeX in PDF mode is detected.
)
Package pdftexcmds Info: LuaTeX not detected.
Package pdftexcmds Info: \pdf@primitive is available.
Package pdftexcmds Info: \pdf@ifprimitive is available.
Package pdftexcmds Info: \pdfdraftmode found.
)
(/usr/share/texlive/texmf-dist/tex/latex/oberdiek/epstopdf-base.sty
Package: epstopdf-base 2010/02/09 v2.5 Base part for package epstopdf

(/usr/share/texlive/texmf-dist/tex/latex/oberdiek/grfext.sty
Package: grfext 2010/08/19 v1.1 Manage graphics extensions (HO)

(/usr/share/texlive/texmf-dist/tex/generic/oberdiek/kvdefinekeys.sty
Package: kvdefinekeys 2011/04/07 v1.3 Define keys (HO)
))
(/usr/share/texlive/texmf-dist/tex/latex/oberdiek/kvoptions.sty
Package: kvoptions 2011/06/30 v3.11 Key value format for package options (HO)

(/usr/share/texlive/texmf-dist/tex/generic/oberdiek/kvsetkeys.sty
Package: kvsetkeys 2012/04/25 v1.16 Key value parser (HO)

(/usr/share/texlive/texmf-dist/tex/generic/oberdiek/etexcmds.sty
Package: etexcmds 2011/02/16 v1.5 Avoid name clashes with e-TeX commands (HO)
Package etexcmds Info: Could not find \expanded.
(etexcmds)             That can mean that you are not using pdfTeX 1.50 or
(etexcmds)             that some package has redefined \expanded.
(etexcmds)             In the latter case, load this package earlier.
)))
Package grfext Info: Graphics extension search list:
(grfext)             [.png,.pdf,.jpg,.mps,.jpeg,.jbig2,.jb2,.PNG,.PDF,.JPG,.JPE
G,.JBIG2,.JB2,.eps]
(grfext)             \AppendGraphicsExtensions on input line 452.

(/usr/share/texlive/texmf-dist/tex/latex/latexconfig/epstopdf-sys.cfg
File: epstopdf-sys.cfg 2010/07/13 v1.3 Configuration of (r)epstopdf for TeX Liv
e
))
Package caption Info: Begin \AtBeginDocument code.
Package caption Info: End \AtBeginDocument code.

<soccer1.jpg, id=1, 570.13pt x 411.5375pt>
File: soccer1.jpg Graphic file (type jpg)
 <use soccer1.jpg>
Package pdftex.def Info: soccer1.jpg used on input line 27.
(pdftex.def)             Requested size: 172.5pt x 124.51088pt.

Underfull \hbox (badness 10000) in paragraph at lines 33--39

 []


Underfull \hbox (badness 10000) in paragraph at lines 33--39

 []

[1

{/usr/share/texlive/texmf/fonts/map/pdftex/updmap/pdftex.map} <./soccer1.jpg>] 
<costfunc.jpg, id=14, 570.13pt x 411.5375pt>
File: costfunc.jpg Graphic file (type jpg)
 <use costfunc.jpg>
Package pdftex.def Info: costfunc.jpg used on input line 40.
(pdftex.def)             Requested size: 172.5pt x 124.51088pt.
 [2 <./costfunc.jpg>]
Underfull \hbox (badness 10000) in paragraph at lines 64--67

 []

<stepresponse.jpg, id=21, 1352.05125pt x 756.8275pt>
File: stepresponse.jpg Graphic file (type jpg)
 <use stepresponse.jpg>
Package pdftex.def Info: stepresponse.jpg used on input line 70.
(pdftex.def)             Requested size: 345.0pt x 193.10971pt.

<steprespcont.jpg, id=22, 562.1pt x 421.575pt>
File: steprespcont.jpg Graphic file (type jpg)
 <use steprespcont.jpg>
Package pdftex.def Info: steprespcont.jpg used on input line 74.
(pdftex.def)             Requested size: 172.5pt x 129.37462pt.
 [3 <./stepresponse.jpg>] <inputwithoutreg.jpg, id=26, 570.13pt x 411.5375pt>
File: inputwithoutreg.jpg Graphic file (type jpg)

<use inputwithoutreg.jpg>
Package pdftex.def Info: inputwithoutreg.jpg used on input line 81.
(pdftex.def)             Requested size: 155.24895pt x 112.05853pt.
 <inputwithreg.jpg, id=27, 890.32625pt x 643.40375pt>
File: inputwithreg.jpg Graphic file (type jpg)

<use inputwithreg.jpg>
Package pdftex.def Info: inputwithreg.jpg used on input line 84.
(pdftex.def)             Requested size: 155.24895pt x 112.185pt.
 <xrefstates.jpg, id=28, 890.32625pt x 643.40375pt>
File: xrefstates.jpg Graphic file (type jpg)

<use xrefstates.jpg>
Package pdftex.def Info: xrefstates.jpg used on input line 93.
(pdftex.def)             Requested size: 276.00105pt x 199.4531pt.
 [4 <./steprespcont.jpg> <./inputwithoutreg.jpg> <./inputwithreg.jpg>] <lqr1tra
j.jpg, id=32, 890.32625pt x 643.40375pt>
File: lqr1traj.jpg Graphic file (type jpg)

<use lqr1traj.jpg>
Package pdftex.def Info: lqr1traj.jpg used on input line 107.
(pdftex.def)             Requested size: 155.24895pt x 112.185pt.
 <lqr2traj.jpg, id=33, 890.32625pt x 643.40375pt>
File: lqr2traj.jpg Graphic file (type jpg)

<use lqr2traj.jpg>
Package pdftex.def Info: lqr2traj.jpg used on input line 110.
(pdftex.def)             Requested size: 155.24895pt x 112.185pt.
 <lqr1input.jpg, id=34, 890.32625pt x 643.40375pt>
File: lqr1input.jpg Graphic file (type jpg)

<use lqr1input.jpg>
Package pdftex.def Info: lqr1input.jpg used on input line 117.
(pdftex.def)             Requested size: 155.24895pt x 112.185pt.
 <lqr2input.jpg, id=35, 890.32625pt x 643.40375pt>
File: lqr2input.jpg Graphic file (type jpg)

<use lqr2input.jpg>
Package pdftex.def Info: lqr2input.jpg used on input line 120.
(pdftex.def)             Requested size: 155.24895pt x 112.185pt.
 [5 <./xrefstates.jpg> <./lqr1traj.jpg> <./lqr2traj.jpg>]
<lqr1states.jpg, id=39, 890.32625pt x 643.40375pt>
File: lqr1states.jpg Graphic file (type jpg)
 <use lqr1states.jpg>
Package pdftex.def Info: lqr1states.jpg used on input line 127.
(pdftex.def)             Requested size: 155.24895pt x 112.185pt.

<lqr2states.jpg, id=40, 890.32625pt x 643.40375pt>
File: lqr2states.jpg Graphic file (type jpg)
 <use lqr2states.jpg>
Package pdftex.def Info: lqr2states.jpg used on input line 130.
(pdftex.def)             Requested size: 155.24895pt x 112.185pt.

<mpctraj12.jpg, id=41, 890.32625pt x 643.40375pt>
File: mpctraj12.jpg Graphic file (type jpg)
 <use mpctraj12.jpg>
Package pdftex.def Info: mpctraj12.jpg used on input line 140.
(pdftex.def)             Requested size: 172.5pt x 124.65327pt.
 [6 <./lqr1input.jpg> <./lqr2input.jpg> <./lqr1states.jpg> <./lqr2states.jpg>]
<lqr1input12.jpg, id=45, 890.32625pt x 643.40375pt>
File: lqr1input12.jpg Graphic file (type jpg)
 <use lqr1input12.jpg>
Package pdftex.def Info: lqr1input12.jpg used on input line 146.
(pdftex.def)             Requested size: 155.24895pt x 112.185pt.

<lqr1states12.jpg, id=46, 890.32625pt x 643.40375pt>
File: lqr1states12.jpg Graphic file (type jpg)
 <use lqr1states12.jpg>
Package pdftex.def Info: lqr1states12.jpg used on input line 149.
(pdftex.def)             Requested size: 155.24895pt x 112.185pt.

[7 <./mpctraj12.jpg> <./lqr1input12.jpg> <./lqr1states12.jpg>] (./session1.aux)
 ) 
Here is how much of TeX's memory you used:
 3291 strings out of 495008
 49342 string characters out of 3180933
 120096 words of memory out of 3000000
 6441 multiletter control sequences out of 15000+200000
 8408 words of font info for 31 fonts, out of 3000000 for 9000
 54 hyphenation exceptions out of 8191
 38i,15n,38p,538b,308s stack positions out of 5000i,500n,10000p,200000b,50000s
</usr/share/texlive/texmf-dist/fonts/type1/public/amsfonts/cm/cmbx12.pfb></us
r/share/texlive/texmf-dist/fonts/type1/public/amsfonts/cm/cmex10.pfb></usr/shar
e/texlive/texmf-dist/fonts/type1/public/amsfonts/cm/cmmi10.pfb></usr/share/texl
ive/texmf-dist/fonts/type1/public/amsfonts/cm/cmmi5.pfb></usr/share/texlive/tex
mf-dist/fonts/type1/public/amsfonts/cm/cmmi7.pfb></usr/share/texlive/texmf-dist
/fonts/type1/public/amsfonts/cm/cmr10.pfb></usr/share/texlive/texmf-dist/fonts/
type1/public/amsfonts/cm/cmr12.pfb></usr/share/texlive/texmf-dist/fonts/type1/p
ublic/amsfonts/cm/cmr17.pfb></usr/share/texlive/texmf-dist/fonts/type1/public/a
msfonts/cm/cmr7.pfb></usr/share/texlive/texmf-dist/fonts/type1/public/amsfonts/
cm/cmsy10.pfb>
Output written on session1.pdf (7 pages, 723618 bytes).
PDF statistics:
 84 PDF objects out of 1000 (max. 8388607)
 48 compressed objects within 1 object stream
 0 named destinations out of 1000 (max. 500000)
 81 words of extra memory for PDF output out of 10000 (max. 10000000)

